<?xml version="1.0" encoding="UTF-8"?>
<coverage generated="1714037036586" clover="3.2.0">
  <project timestamp="1714037036587" name="All files">
    <metrics statements="82" coveredstatements="82" conditionals="48" coveredconditionals="48" methods="23" coveredmethods="23" elements="153" coveredelements="153" complexity="0" loc="82" ncloc="82" packages="3" files="9" classes="9"/>
    <package name="Assignment.AC">
      <metrics statements="12" coveredstatements="12" conditionals="14" coveredconditionals="14" methods="7" coveredmethods="7"/>
      <file name="AirConditioner.js" path="C:\Users\DELL\Desktop\JUMONG\JAVASCRIPT\Assignment\AC\AirConditioner.js">
        <metrics statements="12" coveredstatements="12" conditionals="14" coveredconditionals="14" methods="7" coveredmethods="7"/>
        <line num="4" count="17" type="stmt"/>
        <line num="5" count="17" type="stmt"/>
        <line num="8" count="14" type="stmt"/>
        <line num="12" count="15" type="stmt"/>
        <line num="17" count="26" type="cond" truecount="5" falsecount="0"/>
        <line num="18" count="22" type="stmt"/>
        <line num="24" count="6" type="cond" truecount="5" falsecount="0"/>
        <line num="25" count="4" type="stmt"/>
        <line num="31" count="30" type="stmt"/>
        <line num="35" count="6" type="cond" truecount="4" falsecount="0"/>
        <line num="36" count="3" type="stmt"/>
        <line num="44" count="1" type="stmt"/>
      </file>
    </package>
    <package name="EloquentJavaScript.chapterFour">
      <metrics statements="35" coveredstatements="35" conditionals="24" coveredconditionals="24" methods="6" coveredmethods="6"/>
      <file name="factorial.js" path="C:\Users\DELL\Desktop\JUMONG\JAVASCRIPT\EloquentJavaScript\chapterFour\factorial.js">
        <metrics statements="3" coveredstatements="3" conditionals="4" coveredconditionals="4" methods="1" coveredmethods="1"/>
        <line num="2" count="7" type="cond" truecount="4" falsecount="0"/>
        <line num="4" count="4" type="stmt"/>
        <line num="8" count="1" type="stmt"/>
      </file>
      <file name="highestProduct.js" path="C:\Users\DELL\Desktop\JUMONG\JAVASCRIPT\EloquentJavaScript\chapterFour\highestProduct.js">
        <metrics statements="10" coveredstatements="10" conditionals="6" coveredconditionals="6" methods="1" coveredmethods="1"/>
        <line num="1" count="1" type="stmt"/>
        <line num="2" count="3" type="stmt"/>
        <line num="3" count="3" type="cond" truecount="4" falsecount="0"/>
        <line num="4" count="2" type="stmt"/>
        <line num="7" count="1" type="stmt"/>
        <line num="8" count="5" type="stmt"/>
        <line num="9" count="10" type="cond" truecount="2" falsecount="0"/>
        <line num="10" count="2" type="stmt"/>
        <line num="15" count="1" type="stmt"/>
        <line num="18" count="1" type="stmt"/>
      </file>
      <file name="roundNumber.js" path="C:\Users\DELL\Desktop\JUMONG\JAVASCRIPT\EloquentJavaScript\chapterFour\roundNumber.js">
        <metrics statements="11" coveredstatements="11" conditionals="6" coveredconditionals="6" methods="1" coveredmethods="1"/>
        <line num="1" count="1" type="stmt"/>
        <line num="2" count="3" type="stmt"/>
        <line num="3" count="3" type="stmt"/>
        <line num="4" count="8" type="stmt"/>
        <line num="5" count="8" type="cond" truecount="2" falsecount="0"/>
        <line num="6" count="2" type="stmt"/>
        <line num="7" count="2" type="stmt"/>
        <line num="10" count="6" type="stmt"/>
        <line num="12" count="6" type="cond" truecount="4" falsecount="0"/>
        <line num="15" count="3" type="stmt"/>
        <line num="18" count="1" type="stmt"/>
      </file>
      <file name="student.js" path="C:\Users\DELL\Desktop\JUMONG\JAVASCRIPT\EloquentJavaScript\chapterFour\student.js">
        <metrics statements="11" coveredstatements="11" conditionals="8" coveredconditionals="8" methods="3" coveredmethods="3"/>
        <line num="2" count="6" type="cond" truecount="2" falsecount="0"/>
        <line num="3" count="2" type="stmt"/>
        <line num="4" count="4" type="cond" truecount="2" falsecount="0"/>
        <line num="5" count="1" type="stmt"/>
        <line num="6" count="3" type="cond" truecount="2" falsecount="0"/>
        <line num="7" count="1" type="stmt"/>
        <line num="8" count="2" type="cond" truecount="2" falsecount="0"/>
        <line num="9" count="1" type="stmt"/>
        <line num="11" count="1" type="stmt"/>
        <line num="16" count="6" type="stmt"/>
        <line num="20" count="1" type="stmt"/>
      </file>
    </package>
    <package name="EloquentJavaScript.testFolder">
      <metrics statements="35" coveredstatements="35" conditionals="10" coveredconditionals="10" methods="10" coveredmethods="10"/>
      <file name="add.js" path="C:\Users\DELL\Desktop\JUMONG\JAVASCRIPT\EloquentJavaScript\testFolder\add.js">
        <metrics statements="14" coveredstatements="14" conditionals="4" coveredconditionals="4" methods="7" coveredmethods="7"/>
        <line num="2" count="2" type="stmt"/>
        <line num="3" count="2" type="stmt"/>
        <line num="7" count="6" type="stmt"/>
        <line num="8" count="1" type="stmt"/>
        <line num="12" count="1" type="stmt"/>
        <line num="16" count="1" type="stmt"/>
        <line num="20" count="2" type="stmt"/>
        <line num="21" count="5" type="cond" truecount="2" falsecount="0"/>
        <line num="22" count="2" type="stmt"/>
        <line num="28" count="1" type="stmt"/>
        <line num="29" count="4" type="cond" truecount="2" falsecount="0"/>
        <line num="30" count="1" type="stmt"/>
        <line num="35" count="1" type="stmt"/>
        <line num="37" count="1" type="stmt"/>
      </file>
      <file name="cloneArray.js" path="C:\Users\DELL\Desktop\JUMONG\JAVASCRIPT\EloquentJavaScript\testFolder\cloneArray.js">
        <metrics statements="2" coveredstatements="2" conditionals="0" coveredconditionals="0" methods="1" coveredmethods="1"/>
        <line num="2" count="2" type="stmt"/>
        <line num="5" count="1" type="stmt"/>
      </file>
      <file name="mode.js" path="C:\Users\DELL\Desktop\JUMONG\JAVASCRIPT\EloquentJavaScript\testFolder\mode.js">
        <metrics statements="16" coveredstatements="16" conditionals="6" coveredconditionals="6" methods="1" coveredmethods="1"/>
        <line num="30" count="4" type="stmt"/>
        <line num="31" count="4" type="stmt"/>
        <line num="32" count="4" type="stmt"/>
        <line num="34" count="4" type="stmt"/>
        <line num="35" count="20" type="cond" truecount="2" falsecount="0"/>
        <line num="36" count="8" type="stmt"/>
        <line num="38" count="12" type="stmt"/>
        <line num="41" count="20" type="cond" truecount="2" falsecount="0"/>
        <line num="42" count="14" type="stmt"/>
        <line num="46" count="4" type="stmt"/>
        <line num="47" count="8" type="cond" truecount="2" falsecount="0"/>
        <line num="48" count="4" type="stmt"/>
        <line num="52" count="4" type="stmt"/>
        <line num="55" count="1" type="stmt"/>
        <line num="56" count="1" type="stmt"/>
        <line num="57" count="1" type="stmt"/>
      </file>
      <file name="subtract.js" path="C:\Users\DELL\Desktop\JUMONG\JAVASCRIPT\EloquentJavaScript\testFolder\subtract.js">
        <metrics statements="3" coveredstatements="3" conditionals="0" coveredconditionals="0" methods="1" coveredmethods="1"/>
        <line num="1" count="1" type="stmt"/>
        <line num="2" count="2" type="stmt"/>
        <line num="5" count="1" type="stmt"/>
      </file>
    </package>
  </project>
</coverage>
