{"C:\\Users\\DELL\\Desktop\\JUMONG\\JAVASCRIPT\\Assignment\\AC\\AirConditioner.js": {"path":"C:\\Users\\DELL\\Desktop\\JUMONG\\JAVASCRIPT\\Assignment\\AC\\AirConditioner.js","statementMap":{"0":{"start":{"line":4,"column":8},"end":{"line":4,"column":26}},"1":{"start":{"line":5,"column":8},"end":{"line":5,"column":30}},"2":{"start":{"line":8,"column":8},"end":{"line":8,"column":25}},"3":{"start":{"line":12,"column":8},"end":{"line":12,"column":31}},"4":{"start":{"line":17,"column":8},"end":{"line":19,"column":9}},"5":{"start":{"line":18,"column":12},"end":{"line":18,"column":31}},"6":{"start":{"line":24,"column":8},"end":{"line":26,"column":9}},"7":{"start":{"line":25,"column":12},"end":{"line":25,"column":31}},"8":{"start":{"line":31,"column":8},"end":{"line":31,"column":32}},"9":{"start":{"line":35,"column":8},"end":{"line":37,"column":9}},"10":{"start":{"line":36,"column":12},"end":{"line":36,"column":43}},"11":{"start":{"line":44,"column":0},"end":{"line":44,"column":32}}},"fnMap":{"0":{"name":"(anonymous_0)","decl":{"start":{"line":3,"column":4},"end":{"line":3,"column":5}},"loc":{"start":{"line":3,"column":17},"end":{"line":6,"column":5}},"line":3},"1":{"name":"(anonymous_1)","decl":{"start":{"line":7,"column":4},"end":{"line":7,"column":5}},"loc":{"start":{"line":7,"column":12},"end":{"line":9,"column":5}},"line":7},"2":{"name":"(anonymous_2)","decl":{"start":{"line":11,"column":4},"end":{"line":11,"column":5}},"loc":{"start":{"line":11,"column":14},"end":{"line":13,"column":5}},"line":11},"3":{"name":"(anonymous_3)","decl":{"start":{"line":16,"column":4},"end":{"line":16,"column":5}},"loc":{"start":{"line":16,"column":18},"end":{"line":21,"column":5}},"line":16},"4":{"name":"(anonymous_4)","decl":{"start":{"line":23,"column":4},"end":{"line":23,"column":5}},"loc":{"start":{"line":23,"column":18},"end":{"line":28,"column":5}},"line":23},"5":{"name":"(anonymous_5)","decl":{"start":{"line":30,"column":4},"end":{"line":30,"column":5}},"loc":{"start":{"line":30,"column":13},"end":{"line":32,"column":5}},"line":30},"6":{"name":"(anonymous_6)","decl":{"start":{"line":34,"column":4},"end":{"line":34,"column":5}},"loc":{"start":{"line":34,"column":23},"end":{"line":38,"column":5}},"line":34}},"branchMap":{"0":{"loc":{"start":{"line":17,"column":8},"end":{"line":19,"column":9}},"type":"if","locations":[{"start":{"line":17,"column":8},"end":{"line":19,"column":9}},{"start":{},"end":{}}],"line":17},"1":{"loc":{"start":{"line":17,"column":12},"end":{"line":17,"column":71}},"type":"binary-expr","locations":[{"start":{"line":17,"column":12},"end":{"line":17,"column":21}},{"start":{"line":17,"column":25},"end":{"line":17,"column":46}},{"start":{"line":17,"column":50},"end":{"line":17,"column":71}}],"line":17},"2":{"loc":{"start":{"line":24,"column":8},"end":{"line":26,"column":9}},"type":"if","locations":[{"start":{"line":24,"column":8},"end":{"line":26,"column":9}},{"start":{},"end":{}}],"line":24},"3":{"loc":{"start":{"line":24,"column":12},"end":{"line":24,"column":72}},"type":"binary-expr","locations":[{"start":{"line":24,"column":12},"end":{"line":24,"column":21}},{"start":{"line":24,"column":25},"end":{"line":24,"column":46}},{"start":{"line":24,"column":50},"end":{"line":24,"column":72}}],"line":24},"4":{"loc":{"start":{"line":35,"column":8},"end":{"line":37,"column":9}},"type":"if","locations":[{"start":{"line":35,"column":8},"end":{"line":37,"column":9}},{"start":{},"end":{}}],"line":35},"5":{"loc":{"start":{"line":35,"column":12},"end":{"line":35,"column":50}},"type":"binary-expr","locations":[{"start":{"line":35,"column":12},"end":{"line":35,"column":29}},{"start":{"line":35,"column":33},"end":{"line":35,"column":50}}],"line":35}},"s":{"0":17,"1":17,"2":14,"3":15,"4":26,"5":22,"6":6,"7":4,"8":30,"9":6,"10":3,"11":1},"f":{"0":17,"1":14,"2":15,"3":26,"4":6,"5":30,"6":6},"b":{"0":[22,4],"1":[26,24,24],"2":[4,2],"3":[6,6,4],"4":[3,3],"5":[6,4]},"_coverageSchema":"1a1c01bbd47fc00a2c39e90264f33305004495a9","hash":"4eef9bbbbdd1d5d330ea99cf97020ea022de76a1"}
,"C:\\Users\\DELL\\Desktop\\JUMONG\\JAVASCRIPT\\EloquentJavaScript\\chapterFour\\factorial.js": {"path":"C:\\Users\\DELL\\Desktop\\JUMONG\\JAVASCRIPT\\EloquentJavaScript\\chapterFour\\factorial.js","statementMap":{"0":{"start":{"line":2,"column":4},"end":{"line":5,"column":5}},"1":{"start":{"line":2,"column":38},"end":{"line":2,"column":47}},"2":{"start":{"line":4,"column":8},"end":{"line":4,"column":48}},"3":{"start":{"line":8,"column":0},"end":{"line":8,"column":27}}},"fnMap":{"0":{"name":"factorial","decl":{"start":{"line":1,"column":9},"end":{"line":1,"column":18}},"loc":{"start":{"line":1,"column":27},"end":{"line":6,"column":1}},"line":1}},"branchMap":{"0":{"loc":{"start":{"line":2,"column":4},"end":{"line":5,"column":5}},"type":"if","locations":[{"start":{"line":2,"column":4},"end":{"line":5,"column":5}},{"start":{"line":3,"column":8},"end":{"line":5,"column":5}}],"line":2},"1":{"loc":{"start":{"line":2,"column":8},"end":{"line":2,"column":36}},"type":"binary-expr","locations":[{"start":{"line":2,"column":8},"end":{"line":2,"column":20}},{"start":{"line":2,"column":24},"end":{"line":2,"column":36}}],"line":2}},"s":{"0":7,"1":3,"2":4,"3":1},"f":{"0":7},"b":{"0":[3,4],"1":[7,6]},"_coverageSchema":"1a1c01bbd47fc00a2c39e90264f33305004495a9","hash":"fdcaf904555dbd9e02c918a2690bc70a3da7856d"}
,"C:\\Users\\DELL\\Desktop\\JUMONG\\JAVASCRIPT\\EloquentJavaScript\\chapterFour\\highestProduct.js": {"path":"C:\\Users\\DELL\\Desktop\\JUMONG\\JAVASCRIPT\\EloquentJavaScript\\chapterFour\\highestProduct.js","statementMap":{"0":{"start":{"line":1,"column":26},"end":{"line":16,"column":1}},"1":{"start":{"line":2,"column":25},"end":{"line":2,"column":34}},"2":{"start":{"line":3,"column":4},"end":{"line":5,"column":5}},"3":{"start":{"line":4,"column":8},"end":{"line":4,"column":17}},"4":{"start":{"line":7,"column":4},"end":{"line":14,"column":5}},"5":{"start":{"line":7,"column":16},"end":{"line":7,"column":17}},"6":{"start":{"line":8,"column":8},"end":{"line":13,"column":9}},"7":{"start":{"line":8,"column":21},"end":{"line":8,"column":26}},"8":{"start":{"line":9,"column":12},"end":{"line":11,"column":13}},"9":{"start":{"line":10,"column":16},"end":{"line":10,"column":55}},"10":{"start":{"line":15,"column":4},"end":{"line":15,"column":26}},"11":{"start":{"line":18,"column":0},"end":{"line":18,"column":35}}},"fnMap":{"0":{"name":"(anonymous_0)","decl":{"start":{"line":1,"column":26},"end":{"line":1,"column":27}},"loc":{"start":{"line":1,"column":37},"end":{"line":16,"column":1}},"line":1}},"branchMap":{"0":{"loc":{"start":{"line":3,"column":4},"end":{"line":5,"column":5}},"type":"if","locations":[{"start":{"line":3,"column":4},"end":{"line":5,"column":5}},{"start":{},"end":{}}],"line":3},"1":{"loc":{"start":{"line":3,"column":8},"end":{"line":3,"column":50}},"type":"binary-expr","locations":[{"start":{"line":3,"column":8},"end":{"line":3,"column":27}},{"start":{"line":3,"column":31},"end":{"line":3,"column":50}}],"line":3},"2":{"loc":{"start":{"line":9,"column":12},"end":{"line":11,"column":13}},"type":"if","locations":[{"start":{"line":9,"column":12},"end":{"line":11,"column":13}},{"start":{},"end":{}}],"line":9}},"s":{"0":1,"1":3,"2":3,"3":2,"4":1,"5":1,"6":5,"7":5,"8":10,"9":2,"10":1,"11":1},"f":{"0":3},"b":{"0":[2,1],"1":[3,2],"2":[2,8]},"_coverageSchema":"1a1c01bbd47fc00a2c39e90264f33305004495a9","hash":"c9db8d79612482e1dcace3182f28bd46badb0bce"}
,"C:\\Users\\DELL\\Desktop\\JUMONG\\JAVASCRIPT\\EloquentJavaScript\\chapterFour\\roundNumber.js": {"path":"C:\\Users\\DELL\\Desktop\\JUMONG\\JAVASCRIPT\\EloquentJavaScript\\chapterFour\\roundNumber.js","statementMap":{"0":{"start":{"line":1,"column":20},"end":{"line":16,"column":1}},"1":{"start":{"line":2,"column":19},"end":{"line":2,"column":21}},"2":{"start":{"line":3,"column":4},"end":{"line":14,"column":9}},"3":{"start":{"line":3,"column":20},"end":{"line":3,"column":36}},"4":{"start":{"line":4,"column":12},"end":{"line":4,"column":47}},"5":{"start":{"line":5,"column":12},"end":{"line":11,"column":13}},"6":{"start":{"line":6,"column":16},"end":{"line":6,"column":31}},"7":{"start":{"line":7,"column":16},"end":{"line":7,"column":22}},"8":{"start":{"line":10,"column":16},"end":{"line":10,"column":33}},"9":{"start":{"line":12,"column":12},"end":{"line":12,"column":65}},"10":{"start":{"line":12,"column":48},"end":{"line":12,"column":65}},"11":{"start":{"line":15,"column":4},"end":{"line":15,"column":17}},"12":{"start":{"line":18,"column":0},"end":{"line":18,"column":29}}},"fnMap":{"0":{"name":"(anonymous_0)","decl":{"start":{"line":1,"column":20},"end":{"line":1,"column":21}},"loc":{"start":{"line":1,"column":29},"end":{"line":16,"column":1}},"line":1}},"branchMap":{"0":{"loc":{"start":{"line":5,"column":12},"end":{"line":11,"column":13}},"type":"if","locations":[{"start":{"line":5,"column":12},"end":{"line":11,"column":13}},{"start":{"line":9,"column":16},"end":{"line":11,"column":13}}],"line":5},"1":{"loc":{"start":{"line":12,"column":12},"end":{"line":12,"column":65}},"type":"if","locations":[{"start":{"line":12,"column":12},"end":{"line":12,"column":65}},{"start":{},"end":{}}],"line":12},"2":{"loc":{"start":{"line":12,"column":16},"end":{"line":12,"column":46}},"type":"binary-expr","locations":[{"start":{"line":12,"column":16},"end":{"line":12,"column":29}},{"start":{"line":12,"column":33},"end":{"line":12,"column":46}}],"line":12}},"s":{"0":1,"1":3,"2":3,"3":3,"4":8,"5":8,"6":2,"7":2,"8":6,"9":6,"10":1,"11":3,"12":1},"f":{"0":3},"b":{"0":[2,6],"1":[1,5],"2":[6,3]},"_coverageSchema":"1a1c01bbd47fc00a2c39e90264f33305004495a9","hash":"08e98fa85e1e381da615a28e7e147c4821cf4ee2"}
,"C:\\Users\\DELL\\Desktop\\JUMONG\\JAVASCRIPT\\EloquentJavaScript\\chapterFour\\student.js": {"path":"C:\\Users\\DELL\\Desktop\\JUMONG\\JAVASCRIPT\\EloquentJavaScript\\chapterFour\\student.js","statementMap":{"0":{"start":{"line":2,"column":8},"end":{"line":12,"column":9}},"1":{"start":{"line":3,"column":12},"end":{"line":3,"column":23}},"2":{"start":{"line":4,"column":15},"end":{"line":12,"column":9}},"3":{"start":{"line":5,"column":12},"end":{"line":5,"column":23}},"4":{"start":{"line":6,"column":15},"end":{"line":12,"column":9}},"5":{"start":{"line":7,"column":12},"end":{"line":7,"column":23}},"6":{"start":{"line":8,"column":16},"end":{"line":12,"column":9}},"7":{"start":{"line":9,"column":12},"end":{"line":9,"column":23}},"8":{"start":{"line":11,"column":12},"end":{"line":11,"column":23}},"9":{"start":{"line":16,"column":4},"end":{"line":16,"column":46}},"10":{"start":{"line":16,"column":27},"end":{"line":16,"column":45}},"11":{"start":{"line":20,"column":0},"end":{"line":20,"column":23}}},"fnMap":{"0":{"name":"studentScores","decl":{"start":{"line":1,"column":9},"end":{"line":1,"column":22}},"loc":{"start":{"line":1,"column":29},"end":{"line":13,"column":1}},"line":1},"1":{"name":"mapper","decl":{"start":{"line":15,"column":9},"end":{"line":15,"column":15}},"loc":{"start":{"line":15,"column":22},"end":{"line":17,"column":1}},"line":15},"2":{"name":"(anonymous_2)","decl":{"start":{"line":16,"column":21},"end":{"line":16,"column":22}},"loc":{"start":{"line":16,"column":27},"end":{"line":16,"column":45}},"line":16}},"branchMap":{"0":{"loc":{"start":{"line":2,"column":8},"end":{"line":12,"column":9}},"type":"if","locations":[{"start":{"line":2,"column":8},"end":{"line":12,"column":9}},{"start":{"line":4,"column":15},"end":{"line":12,"column":9}}],"line":2},"1":{"loc":{"start":{"line":4,"column":15},"end":{"line":12,"column":9}},"type":"if","locations":[{"start":{"line":4,"column":15},"end":{"line":12,"column":9}},{"start":{"line":6,"column":15},"end":{"line":12,"column":9}}],"line":4},"2":{"loc":{"start":{"line":6,"column":15},"end":{"line":12,"column":9}},"type":"if","locations":[{"start":{"line":6,"column":15},"end":{"line":12,"column":9}},{"start":{"line":8,"column":16},"end":{"line":12,"column":9}}],"line":6},"3":{"loc":{"start":{"line":8,"column":16},"end":{"line":12,"column":9}},"type":"if","locations":[{"start":{"line":8,"column":16},"end":{"line":12,"column":9}},{"start":{"line":10,"column":16},"end":{"line":12,"column":9}}],"line":8}},"s":{"0":6,"1":2,"2":4,"3":1,"4":3,"5":1,"6":2,"7":1,"8":1,"9":1,"10":6,"11":1},"f":{"0":6,"1":1,"2":6},"b":{"0":[2,4],"1":[1,3],"2":[1,2],"3":[1,1]},"_coverageSchema":"1a1c01bbd47fc00a2c39e90264f33305004495a9","hash":"02cafcf3412401e26c3943044f7a93496733420a"}
,"C:\\Users\\DELL\\Desktop\\JUMONG\\JAVASCRIPT\\EloquentJavaScript\\testFolder\\add.js": {"path":"C:\\Users\\DELL\\Desktop\\JUMONG\\JAVASCRIPT\\EloquentJavaScript\\testFolder\\add.js","statementMap":{"0":{"start":{"line":2,"column":17},"end":{"line":2,"column":22}},"1":{"start":{"line":3,"column":4},"end":{"line":3,"column":18}},"2":{"start":{"line":7,"column":17},"end":{"line":7,"column":58}},"3":{"start":{"line":7,"column":42},"end":{"line":7,"column":57}},"4":{"start":{"line":8,"column":4},"end":{"line":8,"column":18}},"5":{"start":{"line":12,"column":4},"end":{"line":12,"column":17}},"6":{"start":{"line":16,"column":4},"end":{"line":16,"column":17}},"7":{"start":{"line":20,"column":4},"end":{"line":24,"column":5}},"8":{"start":{"line":20,"column":17},"end":{"line":20,"column":18}},"9":{"start":{"line":21,"column":8},"end":{"line":23,"column":9}},"10":{"start":{"line":22,"column":12},"end":{"line":22,"column":21}},"11":{"start":{"line":28,"column":4},"end":{"line":32,"column":5}},"12":{"start":{"line":28,"column":17},"end":{"line":28,"column":18}},"13":{"start":{"line":29,"column":8},"end":{"line":31,"column":9}},"14":{"start":{"line":30,"column":12},"end":{"line":30,"column":21}},"15":{"start":{"line":35,"column":0},"end":{"line":35,"column":15}},"16":{"start":{"line":37,"column":0},"end":{"line":37,"column":82}}},"fnMap":{"0":{"name":"addNumber","decl":{"start":{"line":1,"column":9},"end":{"line":1,"column":18}},"loc":{"start":{"line":1,"column":24},"end":{"line":4,"column":1}},"line":1},"1":{"name":"evenNumbers","decl":{"start":{"line":6,"column":9},"end":{"line":6,"column":20}},"loc":{"start":{"line":6,"column":29},"end":{"line":9,"column":1}},"line":6},"2":{"name":"(anonymous_2)","decl":{"start":{"line":7,"column":32},"end":{"line":7,"column":33}},"loc":{"start":{"line":7,"column":42},"end":{"line":7,"column":57}},"line":7},"3":{"name":"multiply","decl":{"start":{"line":11,"column":9},"end":{"line":11,"column":17}},"loc":{"start":{"line":11,"column":23},"end":{"line":13,"column":1}},"line":11},"4":{"name":"divide","decl":{"start":{"line":15,"column":9},"end":{"line":15,"column":15}},"loc":{"start":{"line":15,"column":21},"end":{"line":17,"column":1}},"line":15},"5":{"name":"squareRoot","decl":{"start":{"line":19,"column":9},"end":{"line":19,"column":19}},"loc":{"start":{"line":19,"column":27},"end":{"line":25,"column":1}},"line":19},"6":{"name":"cubeRoot","decl":{"start":{"line":27,"column":9},"end":{"line":27,"column":17}},"loc":{"start":{"line":27,"column":25},"end":{"line":33,"column":1}},"line":27}},"branchMap":{"0":{"loc":{"start":{"line":21,"column":8},"end":{"line":23,"column":9}},"type":"if","locations":[{"start":{"line":21,"column":8},"end":{"line":23,"column":9}},{"start":{},"end":{}}],"line":21},"1":{"loc":{"start":{"line":29,"column":8},"end":{"line":31,"column":9}},"type":"if","locations":[{"start":{"line":29,"column":8},"end":{"line":31,"column":9}},{"start":{},"end":{}}],"line":29}},"s":{"0":2,"1":2,"2":1,"3":6,"4":1,"5":1,"6":1,"7":2,"8":2,"9":5,"10":2,"11":1,"12":1,"13":4,"14":1,"15":1,"16":1},"f":{"0":2,"1":1,"2":6,"3":1,"4":1,"5":2,"6":1},"b":{"0":[2,3],"1":[1,3]},"_coverageSchema":"1a1c01bbd47fc00a2c39e90264f33305004495a9","hash":"8eaa49c4cd67b862cb823c5e058a276d62e44a85"}
,"C:\\Users\\DELL\\Desktop\\JUMONG\\JAVASCRIPT\\EloquentJavaScript\\testFolder\\cloneArray.js": {"path":"C:\\Users\\DELL\\Desktop\\JUMONG\\JAVASCRIPT\\EloquentJavaScript\\testFolder\\cloneArray.js","statementMap":{"0":{"start":{"line":2,"column":4},"end":{"line":2,"column":21}},"1":{"start":{"line":5,"column":0},"end":{"line":5,"column":27}}},"fnMap":{"0":{"name":"cloneArray","decl":{"start":{"line":1,"column":9},"end":{"line":1,"column":19}},"loc":{"start":{"line":1,"column":26},"end":{"line":3,"column":1}},"line":1}},"branchMap":{},"s":{"0":2,"1":1},"f":{"0":2},"b":{},"_coverageSchema":"1a1c01bbd47fc00a2c39e90264f33305004495a9","hash":"b4247315cc730131141bba9b5a63fe20a6a16fbd"}
,"C:\\Users\\DELL\\Desktop\\JUMONG\\JAVASCRIPT\\EloquentJavaScript\\testFolder\\mode.js": {"path":"C:\\Users\\DELL\\Desktop\\JUMONG\\JAVASCRIPT\\EloquentJavaScript\\testFolder\\mode.js","statementMap":{"0":{"start":{"line":30,"column":21},"end":{"line":30,"column":23}},"1":{"start":{"line":31,"column":19},"end":{"line":31,"column":20}},"2":{"start":{"line":32,"column":18},"end":{"line":32,"column":20}},"3":{"start":{"line":34,"column":4},"end":{"line":44,"column":5}},"4":{"start":{"line":34,"column":17},"end":{"line":34,"column":18}},"5":{"start":{"line":35,"column":8},"end":{"line":39,"column":9}},"6":{"start":{"line":36,"column":12},"end":{"line":36,"column":34}},"7":{"start":{"line":38,"column":12},"end":{"line":38,"column":32}},"8":{"start":{"line":41,"column":8},"end":{"line":43,"column":9}},"9":{"start":{"line":42,"column":12},"end":{"line":42,"column":41}},"10":{"start":{"line":46,"column":4},"end":{"line":50,"column":5}},"11":{"start":{"line":47,"column":8},"end":{"line":49,"column":9}},"12":{"start":{"line":48,"column":12},"end":{"line":48,"column":43}},"13":{"start":{"line":52,"column":4},"end":{"line":52,"column":22}},"14":{"start":{"line":55,"column":0},"end":{"line":55,"column":31}},"15":{"start":{"line":56,"column":0},"end":{"line":56,"column":31}},"16":{"start":{"line":57,"column":0},"end":{"line":57,"column":22}}},"fnMap":{"0":{"name":"mode","decl":{"start":{"line":29,"column":9},"end":{"line":29,"column":13}},"loc":{"start":{"line":29,"column":21},"end":{"line":53,"column":1}},"line":29}},"branchMap":{"0":{"loc":{"start":{"line":35,"column":8},"end":{"line":39,"column":9}},"type":"if","locations":[{"start":{"line":35,"column":8},"end":{"line":39,"column":9}},{"start":{"line":37,"column":15},"end":{"line":39,"column":9}}],"line":35},"1":{"loc":{"start":{"line":41,"column":8},"end":{"line":43,"column":9}},"type":"if","locations":[{"start":{"line":41,"column":8},"end":{"line":43,"column":9}},{"start":{},"end":{}}],"line":41},"2":{"loc":{"start":{"line":47,"column":8},"end":{"line":49,"column":9}},"type":"if","locations":[{"start":{"line":47,"column":8},"end":{"line":49,"column":9}},{"start":{},"end":{}}],"line":47}},"s":{"0":4,"1":4,"2":4,"3":4,"4":4,"5":20,"6":8,"7":12,"8":20,"9":14,"10":4,"11":8,"12":4,"13":4,"14":1,"15":1,"16":1},"f":{"0":4},"b":{"0":[8,12],"1":[14,6],"2":[4,4]},"_coverageSchema":"1a1c01bbd47fc00a2c39e90264f33305004495a9","hash":"f32c5d193fa519fdaaaf248c4cff25240cb49a4d"}
,"C:\\Users\\DELL\\Desktop\\JUMONG\\JAVASCRIPT\\EloquentJavaScript\\testFolder\\subtract.js": {"path":"C:\\Users\\DELL\\Desktop\\JUMONG\\JAVASCRIPT\\EloquentJavaScript\\testFolder\\subtract.js","statementMap":{"0":{"start":{"line":1,"column":17},"end":{"line":3,"column":1}},"1":{"start":{"line":2,"column":4},"end":{"line":2,"column":17}},"2":{"start":{"line":5,"column":0},"end":{"line":5,"column":26}}},"fnMap":{"0":{"name":"(anonymous_0)","decl":{"start":{"line":1,"column":17},"end":{"line":1,"column":18}},"loc":{"start":{"line":1,"column":26},"end":{"line":3,"column":1}},"line":1}},"branchMap":{},"s":{"0":1,"1":2,"2":1},"f":{"0":2},"b":{},"_coverageSchema":"1a1c01bbd47fc00a2c39e90264f33305004495a9","hash":"a828b39fbe50d7844624028020d38e32d76b3500"}
}
