TN:
SF:Assignment\AC\AirConditioner.js
FN:3,(anonymous_0)
FN:7,(anonymous_1)
FN:11,(anonymous_2)
FN:16,(anonymous_3)
FN:23,(anonymous_4)
FN:30,(anonymous_5)
FN:34,(anonymous_6)
FNF:7
FNH:7
FNDA:17,(anonymous_0)
FNDA:14,(anonymous_1)
FNDA:15,(anonymous_2)
FNDA:26,(anonymous_3)
FNDA:6,(anonymous_4)
FNDA:30,(anonymous_5)
FNDA:6,(anonymous_6)
DA:4,17
DA:5,17
DA:8,14
DA:12,15
DA:17,26
DA:18,22
DA:24,6
DA:25,4
DA:31,30
DA:35,6
DA:36,3
DA:44,1
LF:12
LH:12
BRDA:17,0,0,22
BRDA:17,0,1,4
BRDA:17,1,0,26
BRDA:17,1,1,24
BRDA:17,1,2,24
BRDA:24,2,0,4
BRDA:24,2,1,2
BRDA:24,3,0,6
BRDA:24,3,1,6
BRDA:24,3,2,4
BRDA:35,4,0,3
BRDA:35,4,1,3
BRDA:35,5,0,6
BRDA:35,5,1,4
BRF:14
BRH:14
end_of_record
TN:
SF:EloquentJavaScript\chapterFour\factorial.js
FN:1,factorial
FNF:1
FNH:1
FNDA:7,factorial
DA:2,7
DA:4,4
DA:8,1
LF:3
LH:3
BRDA:2,0,0,3
BRDA:2,0,1,4
BRDA:2,1,0,7
BRDA:2,1,1,6
BRF:4
BRH:4
end_of_record
TN:
SF:EloquentJavaScript\chapterFour\highestProduct.js
FN:1,(anonymous_0)
FNF:1
FNH:1
FNDA:3,(anonymous_0)
DA:1,1
DA:2,3
DA:3,3
DA:4,2
DA:7,1
DA:8,5
DA:9,10
DA:10,2
DA:15,1
DA:18,1
LF:10
LH:10
BRDA:3,0,0,2
BRDA:3,0,1,1
BRDA:3,1,0,3
BRDA:3,1,1,2
BRDA:9,2,0,2
BRDA:9,2,1,8
BRF:6
BRH:6
end_of_record
TN:
SF:EloquentJavaScript\chapterFour\roundNumber.js
FN:1,(anonymous_0)
FNF:1
FNH:1
FNDA:3,(anonymous_0)
DA:1,1
DA:2,3
DA:3,3
DA:4,8
DA:5,8
DA:6,2
DA:7,2
DA:10,6
DA:12,6
DA:15,3
DA:18,1
LF:11
LH:11
BRDA:5,0,0,2
BRDA:5,0,1,6
BRDA:12,1,0,1
BRDA:12,1,1,5
BRDA:12,2,0,6
BRDA:12,2,1,3
BRF:6
BRH:6
end_of_record
TN:
SF:EloquentJavaScript\chapterFour\student.js
FN:1,studentScores
FN:15,mapper
FN:16,(anonymous_2)
FNF:3
FNH:3
FNDA:6,studentScores
FNDA:1,mapper
FNDA:6,(anonymous_2)
DA:2,6
DA:3,2
DA:4,4
DA:5,1
DA:6,3
DA:7,1
DA:8,2
DA:9,1
DA:11,1
DA:16,6
DA:20,1
LF:11
LH:11
BRDA:2,0,0,2
BRDA:2,0,1,4
BRDA:4,1,0,1
BRDA:4,1,1,3
BRDA:6,2,0,1
BRDA:6,2,1,2
BRDA:8,3,0,1
BRDA:8,3,1,1
BRF:8
BRH:8
end_of_record
TN:
SF:EloquentJavaScript\testFolder\add.js
FN:1,addNumber
FN:6,evenNumbers
FN:7,(anonymous_2)
FN:11,multiply
FN:15,divide
FN:19,squareRoot
FN:27,cubeRoot
FNF:7
FNH:7
FNDA:2,addNumber
FNDA:1,evenNumbers
FNDA:6,(anonymous_2)
FNDA:1,multiply
FNDA:1,divide
FNDA:2,squareRoot
FNDA:1,cubeRoot
DA:2,2
DA:3,2
DA:7,6
DA:8,1
DA:12,1
DA:16,1
DA:20,2
DA:21,5
DA:22,2
DA:28,1
DA:29,4
DA:30,1
DA:35,1
DA:37,1
LF:14
LH:14
BRDA:21,0,0,2
BRDA:21,0,1,3
BRDA:29,1,0,1
BRDA:29,1,1,3
BRF:4
BRH:4
end_of_record
TN:
SF:EloquentJavaScript\testFolder\cloneArray.js
FN:1,cloneArray
FNF:1
FNH:1
FNDA:2,cloneArray
DA:2,2
DA:5,1
LF:2
LH:2
BRF:0
BRH:0
end_of_record
TN:
SF:EloquentJavaScript\testFolder\mode.js
FN:29,mode
FNF:1
FNH:1
FNDA:4,mode
DA:30,4
DA:31,4
DA:32,4
DA:34,4
DA:35,20
DA:36,8
DA:38,12
DA:41,20
DA:42,14
DA:46,4
DA:47,8
DA:48,4
DA:52,4
DA:55,1
DA:56,1
DA:57,1
LF:16
LH:16
BRDA:35,0,0,8
BRDA:35,0,1,12
BRDA:41,1,0,14
BRDA:41,1,1,6
BRDA:47,2,0,4
BRDA:47,2,1,4
BRF:6
BRH:6
end_of_record
TN:
SF:EloquentJavaScript\testFolder\subtract.js
FN:1,(anonymous_0)
FNF:1
FNH:1
FNDA:2,(anonymous_0)
DA:1,1
DA:2,2
DA:5,1
LF:3
LH:3
BRF:0
BRH:0
end_of_record
